Node index 0 was using temporary node index identifier 697005072
2020-03-11T20:13:31Z|0|TRACE|0|0|0|INITIALIZING RAL. RAL ID: 0, RAL Host: 127.0.0.1:21013, Network Interface: lo, , Is Single Node, CUDA_VISIBLE_DEVICES is set to: , |||||
Node index 0 was using temporary node index identifier -522166104
2020-03-12T19:02:31Z|0|TRACE|0|0|0|INITIALIZING RAL. RAL ID: 0, RAL Host: 127.0.0.1:29742, Network Interface: lo, , Is Single Node, CUDA_VISIBLE_DEVICES is set to: , |||||
Node index 0 was using temporary node index identifier 91911120
2020-03-12T19:10:54Z|0|TRACE|0|0|0|INITIALIZING RAL. RAL ID: 0, RAL Host: 127.0.0.1:20928, Network Interface: lo, , Is Single Node, CUDA_VISIBLE_DEVICES is set to: , |||||
2020-03-12T19:10:55Z|0|INFO|48164|0|0|"Query Start
LogicalTableScan(table=[[main, karate]])
"|0.003781||||
2020-03-12T19:10:55Z|0|INFO|48164|0|0|data_loader::load_data part 1 parse|6.949756||||
2020-03-12T19:10:55Z|0|INFO|48164|0|0|data_loader::load_data part 2 concat|0.002692||||
2020-03-12T19:10:55Z|0|INFO|48164|0|0|evaluate_split_query load_data|6.998785|num rows|155||
2020-03-12T19:10:55Z|0|INFO|48164|1|1|Query Execution Done|7.966240||||
Node index 0 was using temporary node index identifier -74155240
2020-03-12T19:13:43Z|0|TRACE|0|0|0|INITIALIZING RAL. RAL ID: 0, RAL Host: 127.0.0.1:21122, Network Interface: lo, , Is Single Node, CUDA_VISIBLE_DEVICES is set to: , |||||
2020-03-12T19:13:45Z|0|INFO|17253|0|0|"Query Start
LogicalTableScan(table=[[main, karate]])
"|0.003635||||
2020-03-12T19:13:45Z|0|INFO|17253|0|0|data_loader::load_data part 1 parse|7.515285||||
2020-03-12T19:13:45Z|0|INFO|17253|0|0|data_loader::load_data part 2 concat|0.003333||||
2020-03-12T19:13:45Z|0|INFO|17253|0|0|evaluate_split_query load_data|7.577676|num rows|155||
2020-03-12T19:13:45Z|0|INFO|17253|1|1|Query Execution Done|8.537911||||
Node index 0 was using temporary node index identifier -132054896
2020-03-12T19:26:18Z|0|TRACE|0|0|0|INITIALIZING RAL. RAL ID: 0, RAL Host: 127.0.0.1:20160, Network Interface: lo, , Is Single Node, CUDA_VISIBLE_DEVICES is set to: , |||||
Node index 0 was using temporary node index identifier -1680696888
2020-03-12T19:26:30Z|0|TRACE|0|0|0|INITIALIZING RAL. RAL ID: 0, RAL Host: 127.0.0.1:24667, Network Interface: lo, , Is Single Node, CUDA_VISIBLE_DEVICES is set to: , |||||
2020-03-12T19:26:31Z|0|INFO|61114|0|0|"Query Start
LogicalTableScan(table=[[main, bsql_logs]])
"|0.003615||||
2020-03-12T19:26:31Z|0|INFO|61114|0|0|data_loader::load_data part 1 parse|13.683714||||
2020-03-12T19:26:31Z|0|INFO|61114|0|0|data_loader::load_data part 2 concat|0.005232||||
2020-03-12T19:26:31Z|0|INFO|61114|0|0|evaluate_split_query load_data|13.743263|num rows|23||
2020-03-12T19:26:31Z|0|INFO|61114|1|1|Query Execution Done|16.944665||||
2020-03-12T19:27:01Z|0|INFO|12268|0|0|"Query Start
LogicalTableScan(table=[[main, bsql_logs]])
"|0.003472||||
2020-03-12T19:27:01Z|0|INFO|12268|0|0|data_loader::load_data part 1 parse|16.471070||||
2020-03-12T19:27:01Z|0|INFO|12268|0|0|data_loader::load_data part 2 concat|0.003996||||
2020-03-12T19:27:01Z|0|INFO|12268|0|0|evaluate_split_query load_data|16.528985|num rows|28||
2020-03-12T19:27:01Z|0|INFO|12268|1|1|Query Execution Done|20.589976||||
2020-03-12T19:27:26Z|0|INFO|49708|0|0|"Query Start
LogicalSort(sort0=[$0], dir0=[DESC])
  LogicalProject(log_time=[$0], query_id=[$1], duration=[$3])
    BindableTableScan(table=[[main, bsql_logs]], filters=[[=($2, 'Query Execution Done')]], projects=[[0, 3, 6, 7]], aliases=[[log_time, query_id, $f2, duration]])
"|0.003304||||
2020-03-12T19:27:26Z|0|INFO|49708|0|0|data_loader::load_data part 1 parse|11.643779||||
2020-03-12T19:27:26Z|0|INFO|49708|0|0|data_loader::load_data part 2 concat|0.002975||||
2020-03-12T19:27:26Z|0|INFO|49708|0|0|evaluate_split_query load_data|11.722969|num rows|33||
2020-03-12T19:27:26Z|0|INFO|49708|0|0|Filter part 1 initialize stencil|0.060481|num rows|33||
2020-03-12T19:27:26Z|0|INFO|49708|0|0|Filter part 2 evaluate expression|1.677469|num rows|33||
2020-03-12T19:27:26Z|0|INFO|49708|0|0|Filter part 3 apply_boolean_mask|0.731831|num rows|4||
2020-03-12T19:27:26Z|0|INFO|49708|0|0|evaluate_split_query process_filter|2.589134|num rows|4||
2020-03-12T19:27:26Z|0|INFO|49708|1|1|evaluate_split_query process_project|0.280473|num rows|4||
2020-03-12T19:27:26Z|0|INFO|49708|2|2|sort part 1 gdf_order_by|0.418034||||
2020-03-12T19:27:26Z|0|INFO|49708|2|2|sort part 2 materialize_column|0.329130||||
2020-03-12T19:27:26Z|0|INFO|49708|2|2|evaluate_split_query process_sort|1.077906|num rows|4||
2020-03-12T19:27:26Z|0|INFO|49708|3|3|Query Execution Done|16.824747||||
Node index 0 was using temporary node index identifier 351751328
2020-03-12T19:27:55Z|0|TRACE|0|0|0|INITIALIZING RAL. RAL ID: 0, RAL Host: 127.0.0.1:22328, Network Interface: lo, , Is Single Node, CUDA_VISIBLE_DEVICES is set to: , |||||
2020-03-12T19:27:56Z|0|INFO|15725|0|0|"Query Start
LogicalTableScan(table=[[main, bsql_logs]])
"|0.002905||||
2020-03-12T19:27:56Z|0|INFO|15725|0|0|data_loader::load_data part 1 parse|20.638692||||
2020-03-12T19:27:56Z|0|INFO|15725|0|0|data_loader::load_data part 2 concat|0.005548||||
2020-03-12T19:27:56Z|0|INFO|15725|0|0|evaluate_split_query load_data|20.697011|num rows|48||
2020-03-12T19:27:56Z|0|INFO|15725|1|1|Query Execution Done|23.990409||||
2020-03-12T19:27:56Z|0|INFO|59508|0|0|"Query Start
LogicalSort(sort0=[$0], dir0=[DESC])
  LogicalProject(log_time=[$0], query_id=[$1], duration=[$3])
    BindableTableScan(table=[[main, bsql_logs]], filters=[[=($2, 'Query Execution Done')]], projects=[[0, 3, 6, 7]], aliases=[[log_time, query_id, $f2, duration]])
"|0.003704||||
2020-03-12T19:27:56Z|0|INFO|59508|0|0|data_loader::load_data part 1 parse|15.344747||||
2020-03-12T19:27:56Z|0|INFO|59508|0|0|data_loader::load_data part 2 concat|0.004822||||
2020-03-12T19:27:56Z|0|INFO|59508|0|0|evaluate_split_query load_data|15.452899|num rows|53||
2020-03-12T19:27:56Z|0|INFO|59508|0|0|Filter part 1 initialize stencil|0.104899|num rows|53||
2020-03-12T19:27:56Z|0|INFO|59508|0|0|Filter part 2 evaluate expression|2.691245|num rows|53||
2020-03-12T19:27:56Z|0|INFO|59508|0|0|Filter part 3 apply_boolean_mask|0.992600|num rows|6||
2020-03-12T19:27:56Z|0|INFO|59508|0|0|evaluate_split_query process_filter|3.959079|num rows|6||
2020-03-12T19:27:56Z|0|INFO|59508|1|1|evaluate_split_query process_project|0.418139|num rows|6||
2020-03-12T19:27:56Z|0|INFO|59508|2|2|sort part 1 gdf_order_by|0.481775||||
2020-03-12T19:27:56Z|0|INFO|59508|2|2|sort part 2 materialize_column|0.445823||||
2020-03-12T19:27:56Z|0|INFO|59508|2|2|evaluate_split_query process_sort|1.388960|num rows|6||
2020-03-12T19:27:56Z|0|INFO|59508|3|3|Query Execution Done|21.562897||||
2020-03-12T19:30:09Z|0|INFO|46726|0|0|"Query Start
LogicalSort(sort0=[$0], dir0=[DESC])
  LogicalProject(end_time=[$1], query_id=[$0], load_time=[$2], total_time=[$3])
    LogicalAggregate(group=[{0}], end_time=[MAX($1)], load_time=[MAX($2)], total_time=[MAX($3)])
      LogicalProject(query_id=[$1], end_time=[$4], load_time=[$2], total_time=[$3])
        LogicalAggregate(group=[{0, 1}], load_time=[SUM($2)], total_time=[SUM($3)], end_time=[MAX($4)])
          LogicalProject(node_id=[$1], query_id=[$2], $f2=[CASE(=($3, 'evaluate_split_query load_data'), $4, 0:FLOAT)], $f3=[CASE(=($3, 'Query Execution Done'), $4, 0:FLOAT)], log_time=[$0])
            BindableTableScan(table=[[main, bsql_logs]], filters=[[OR(=($3, 'evaluate_split_query load_data'), =($3, 'Query Execution Done'))]], projects=[[0, 1, 3, 6, 7]], aliases=[[log_time, node_id, query_id, $f3, $f4]])
"|0.005073||||
2020-03-12T19:30:09Z|0|INFO|46726|0|0|data_loader::load_data part 1 parse|17.794475||||
2020-03-12T19:30:09Z|0|INFO|46726|0|0|data_loader::load_data part 2 concat|0.003095||||
2020-03-12T19:30:09Z|0|INFO|46726|0|0|evaluate_split_query load_data|17.911968|num rows|66||
2020-03-12T19:30:09Z|0|INFO|46726|0|0|Filter part 1 initialize stencil|0.062264|num rows|66||
2020-03-12T19:30:09Z|0|INFO|46726|0|0|Filter part 2 evaluate expression|1.208028|num rows|66||
2020-03-12T19:30:09Z|0|INFO|46726|0|0|Filter part 3 apply_boolean_mask|0.832033|num rows|14||
2020-03-12T19:30:09Z|0|INFO|46726|0|0|evaluate_split_query process_filter|2.213251|num rows|14||
2020-03-12T19:30:09Z|0|INFO|46726|1|1|evaluate_split_query process_project|2.906588|num rows|14||
2020-03-12T19:30:09Z|0|INFO|46726|2|2|evaluate_split_query process_aggregate|0.710228|num rows|7||
2020-03-12T19:30:09Z|0|INFO|46726|3|3|evaluate_split_query process_project|0.076024|num rows|7||
2020-03-12T19:30:09Z|0|INFO|46726|4|4|evaluate_split_query process_aggregate|0.601098|num rows|7||
2020-03-12T19:30:09Z|0|INFO|46726|5|5|evaluate_split_query process_project|0.061893|num rows|7||
2020-03-12T19:30:09Z|0|INFO|46726|6|6|sort part 1 gdf_order_by|0.385332||||
2020-03-12T19:30:09Z|0|INFO|46726|6|6|sort part 2 materialize_column|0.023317||||
2020-03-12T19:30:09Z|0|INFO|46726|6|6|evaluate_split_query process_sort|0.630510|num rows|7||
2020-03-12T19:30:09Z|0|INFO|46726|7|7|Query Execution Done|26.591826||||
2020-03-12T19:36:01Z|0|INFO|49237|0|0|"Query Start
LogicalProject(end_time=[$1], avg_time=[/($2, $3)], min_time=[$4], max_time=[$5], num_times=[$3], relational_algebra=[$0])
  LogicalAggregate(group=[{0}], end_time=[MAX($1)], agg#1=[SUM($2)], num_times=[COUNT($2)], min_time=[MIN($2)], max_time=[MAX($2)])
    LogicalProject(relational_algebra=[$4], end_time=[$1], query_duration=[$2])
      LogicalJoin(condition=[=($0, $3)], joinType=[inner])
        LogicalProject(query_id=[$0], end_time=[$1], max_time=[$5])
          LogicalAggregate(group=[{0}], end_time=[MAX($1)], agg#1=[SUM($2)], agg#2=[COUNT($2)], min_time=[MIN($2)], max_time=[MAX($2)])
            LogicalProject(query_id=[$1], log_time=[$0], duration=[$3])
              BindableTableScan(table=[[main, bsql_logs]], filters=[[=($2, 'Query Execution Done')]], projects=[[0, 3, 6, 7]], aliases=[[log_time, query_id, $f2, duration]])
        LogicalProject(query_id=[$0], relational_algebra=[SUBSTRING($1, 13, 2000)])
          LogicalAggregate(group=[{0, 1}])
            BindableTableScan(table=[[main, bsql_logs]], filters=[[LIKE($1, 'Query Start%')]], projects=[[3, 6]], aliases=[[query_id, info]])
"|0.005107||||
2020-03-12T19:36:01Z|0|INFO|49237|0|0|data_loader::load_data part 1 parse|14.899841||||
2020-03-12T19:36:01Z|0|INFO|49237|0|0|data_loader::load_data part 2 concat|0.004438||||
2020-03-12T19:36:01Z|0|INFO|49237|0|0|evaluate_split_query load_data|14.994281|num rows|83||
2020-03-12T19:36:01Z|0|INFO|49237|0|0|Filter part 1 initialize stencil|0.086809|num rows|83||
2020-03-12T19:36:01Z|0|INFO|49237|0|0|Filter part 2 evaluate expression|0.776728|num rows|83||
2020-03-12T19:36:01Z|0|INFO|49237|0|0|Filter part 3 apply_boolean_mask|0.799196|num rows|8||
2020-03-12T19:36:01Z|0|INFO|49237|0|0|evaluate_split_query process_filter|1.765512|num rows|8||
2020-03-12T19:36:01Z|0|INFO|49237|1|1|evaluate_split_query process_project|0.284413|num rows|8||
2020-03-12T19:36:01Z|0|INFO|49237|2|2|evaluate_split_query process_aggregate|0.743950|num rows|8||
2020-03-12T19:36:01Z|0|INFO|49237|3|3|evaluate_split_query process_project|0.087550|num rows|8||
2020-03-12T19:36:01Z|0|INFO|49237|4|4|data_loader::load_data part 1 parse|15.854257||||
2020-03-12T19:36:01Z|0|INFO|49237|4|4|data_loader::load_data part 2 concat|0.003244||||
2020-03-12T19:36:01Z|0|INFO|49237|4|4|evaluate_split_query load_data|15.914017|num rows|93||
2020-03-12T19:36:01Z|0|INFO|49237|4|4|Filter part 1 initialize stencil|0.076488|num rows|93||
2020-03-12T19:36:01Z|0|INFO|49237|4|4|Filter part 2 evaluate expression|4.334735|num rows|93||
2020-03-12T19:36:01Z|0|INFO|49237|4|4|Filter part 3 apply_boolean_mask|0.744877|num rows|9||
2020-03-12T19:36:01Z|0|INFO|49237|4|4|evaluate_split_query process_filter|5.278423|num rows|9||
2020-03-12T19:36:01Z|0|INFO|49237|5|5|evaluate_split_query process_aggregate|2.179411|num rows|9||
2020-03-12T19:36:01Z|0|INFO|49237|6|6|evaluate_split_query process_project|3.146402|num rows|9||
2020-03-12T19:36:01Z|0|INFO|49237|7|7|LocalJoinOperator part 1 evaluate_join|2.824000||||
2020-03-12T19:36:01Z|0|INFO|49237|7|7|LocalJoinOperator part 2 materialize_column|0.807612||||
2020-03-12T19:36:01Z|0|INFO|49237|7|7|evaluate_split_query process_join|3.714387|num rows result|8|left_side_num_rows:8:right_side_num_rows:9|0
2020-03-12T19:36:01Z|0|INFO|49237|8|8|evaluate_split_query process_project|0.153957|num rows|8||
2020-03-12T19:36:01Z|0|INFO|49237|9|9|evaluate_split_query process_aggregate|1.161332|num rows|4||
2020-03-12T19:36:01Z|0|INFO|49237|10|10|evaluate_split_query process_project|0.520705|num rows|4||
2020-03-12T19:36:01Z|0|INFO|49237|11|11|Query Execution Done|52.651925||||
Node index 0 was using temporary node index identifier 940531288
2020-03-12T19:36:13Z|0|TRACE|0|0|0|INITIALIZING RAL. RAL ID: 0, RAL Host: 127.0.0.1:28086, Network Interface: lo, , Is Single Node, CUDA_VISIBLE_DEVICES is set to: , |||||
2020-03-12T19:36:14Z|0|INFO|16654|0|0|"Query Start
LogicalTableScan(table=[[main, bsql_logs]])
"|0.003671||||
2020-03-12T19:36:14Z|0|INFO|16654|0|0|data_loader::load_data part 1 parse|22.373971||||
2020-03-12T19:36:14Z|0|INFO|16654|0|0|data_loader::load_data part 2 concat|0.004515||||
2020-03-12T19:36:14Z|0|INFO|16654|0|0|evaluate_split_query load_data|22.460843|num rows|112||
2020-03-12T19:36:14Z|0|INFO|16654|1|1|Query Execution Done|26.158204||||
2020-03-12T19:36:15Z|0|INFO|15800|0|0|"Query Start
LogicalSort(sort0=[$0], dir0=[DESC])
  LogicalProject(log_time=[$0], query_id=[$1], duration=[$3])
    BindableTableScan(table=[[main, bsql_logs]], filters=[[=($2, 'Query Execution Done')]], projects=[[0, 3, 6, 7]], aliases=[[log_time, query_id, $f2, duration]])
"|0.004031||||
2020-03-12T19:36:15Z|0|INFO|15800|0|0|data_loader::load_data part 1 parse|16.804212||||
2020-03-12T19:36:15Z|0|INFO|15800|0|0|data_loader::load_data part 2 concat|0.003417||||
2020-03-12T19:36:15Z|0|INFO|15800|0|0|evaluate_split_query load_data|16.922256|num rows|117||
2020-03-12T19:36:15Z|0|INFO|15800|0|0|Filter part 1 initialize stencil|0.057433|num rows|117||
2020-03-12T19:36:15Z|0|INFO|15800|0|0|Filter part 2 evaluate expression|1.689829|num rows|117||
2020-03-12T19:36:15Z|0|INFO|15800|0|0|Filter part 3 apply_boolean_mask|0.816574|num rows|10||
2020-03-12T19:36:15Z|0|INFO|15800|0|0|evaluate_split_query process_filter|2.675379|num rows|10||
2020-03-12T19:36:15Z|0|INFO|15800|1|1|evaluate_split_query process_project|0.273047|num rows|10||
2020-03-12T19:36:15Z|0|INFO|15800|2|2|sort part 1 gdf_order_by|0.425081||||
2020-03-12T19:36:15Z|0|INFO|15800|2|2|sort part 2 materialize_column|0.312373||||
2020-03-12T19:36:15Z|0|INFO|15800|2|2|evaluate_split_query process_sort|1.086490|num rows|10||
2020-03-12T19:36:15Z|0|INFO|15800|3|3|Query Execution Done|21.231842||||
2020-03-12T19:36:15Z|0|INFO|35090|0|0|"Query Start
LogicalSort(sort0=[$0], dir0=[DESC])
  LogicalProject(end_time=[$1], query_id=[$0], load_time=[$2], total_time=[$3])
    LogicalAggregate(group=[{0}], end_time=[MAX($1)], load_time=[MAX($2)], total_time=[MAX($3)])
      LogicalProject(query_id=[$1], end_time=[$4], load_time=[$2], total_time=[$3])
        LogicalAggregate(group=[{0, 1}], load_time=[SUM($2)], total_time=[SUM($3)], end_time=[MAX($4)])
          LogicalProject(node_id=[$1], query_id=[$2], $f2=[CASE(=($3, 'evaluate_split_query load_data'), $4, 0:FLOAT)], $f3=[CASE(=($3, 'Query Execution Done'), $4, 0:FLOAT)], log_time=[$0])
            BindableTableScan(table=[[main, bsql_logs]], filters=[[OR(=($3, 'evaluate_split_query load_data'), =($3, 'Query Execution Done'))]], projects=[[0, 1, 3, 6, 7]], aliases=[[log_time, node_id, query_id, $f3, $f4]])
"|0.005041||||
2020-03-12T19:36:15Z|0|INFO|35090|0|0|data_loader::load_data part 1 parse|18.214133||||
2020-03-12T19:36:15Z|0|INFO|35090|0|0|data_loader::load_data part 2 concat|0.005753||||
2020-03-12T19:36:15Z|0|INFO|35090|0|0|evaluate_split_query load_data|18.347189|num rows|130||
2020-03-12T19:36:15Z|0|INFO|35090|0|0|Filter part 1 initialize stencil|0.090401|num rows|130||
2020-03-12T19:36:15Z|0|INFO|35090|0|0|Filter part 2 evaluate expression|1.222206|num rows|130||
2020-03-12T19:36:15Z|0|INFO|35090|0|0|Filter part 3 apply_boolean_mask|0.887207|num rows|23||
2020-03-12T19:36:15Z|0|INFO|35090|0|0|evaluate_split_query process_filter|2.312808|num rows|23||
2020-03-12T19:36:15Z|0|INFO|35090|1|1|evaluate_split_query process_project|2.185399|num rows|23||
2020-03-12T19:36:15Z|0|INFO|35090|2|2|evaluate_split_query process_aggregate|0.733844|num rows|11||
2020-03-12T19:36:15Z|0|INFO|35090|3|3|evaluate_split_query process_project|0.076565|num rows|11||
2020-03-12T19:36:15Z|0|INFO|35090|4|4|evaluate_split_query process_aggregate|0.590034|num rows|11||
2020-03-12T19:36:15Z|0|INFO|35090|5|5|evaluate_split_query process_project|0.060244|num rows|11||
2020-03-12T19:36:15Z|0|INFO|35090|6|6|sort part 1 gdf_order_by|0.395448||||
2020-03-12T19:36:15Z|0|INFO|35090|6|6|sort part 2 materialize_column|0.025380||||
2020-03-12T19:36:15Z|0|INFO|35090|6|6|evaluate_split_query process_sort|0.634708|num rows|11||
2020-03-12T19:36:15Z|0|INFO|35090|7|7|Query Execution Done|25.362491||||
2020-03-12T19:36:15Z|0|INFO|17844|0|0|"Query Start
LogicalProject(end_time=[$1], avg_time=[/($2, $3)], min_time=[$4], max_time=[$5], num_times=[$3], relational_algebra=[$0])
  LogicalAggregate(group=[{0}], end_time=[MAX($1)], agg#1=[SUM($2)], num_times=[COUNT($2)], min_time=[MIN($2)], max_time=[MAX($2)])
    LogicalProject(relational_algebra=[$4], end_time=[$1], query_duration=[$2])
      LogicalJoin(condition=[=($0, $3)], joinType=[inner])
        LogicalProject(query_id=[$0], end_time=[$1], max_time=[$5])
          LogicalAggregate(group=[{0}], end_time=[MAX($1)], agg#1=[SUM($2)], agg#2=[COUNT($2)], min_time=[MIN($2)], max_time=[MAX($2)])
            LogicalProject(query_id=[$1], log_time=[$0], duration=[$3])
              BindableTableScan(table=[[main, bsql_logs]], filters=[[=($2, 'Query Execution Done')]], projects=[[0, 3, 6, 7]], aliases=[[log_time, query_id, $f2, duration]])
        LogicalProject(query_id=[$0], relational_algebra=[SUBSTRING($1, 13, 2000)])
          LogicalAggregate(group=[{0, 1}])
            BindableTableScan(table=[[main, bsql_logs]], filters=[[LIKE($1, 'Query Start%')]], projects=[[3, 6]], aliases=[[query_id, info]])
"|0.003599||||
2020-03-12T19:36:15Z|0|INFO|17844|0|0|data_loader::load_data part 1 parse|21.874940||||
2020-03-12T19:36:15Z|0|INFO|17844|0|0|data_loader::load_data part 2 concat|0.004897||||
2020-03-12T19:36:15Z|0|INFO|17844|0|0|evaluate_split_query load_data|21.978832|num rows|147||
2020-03-12T19:36:15Z|0|INFO|17844|0|0|Filter part 1 initialize stencil|0.095697|num rows|147||
2020-03-12T19:36:15Z|0|INFO|17844|0|0|Filter part 2 evaluate expression|0.822775|num rows|147||
2020-03-12T19:36:15Z|0|INFO|17844|0|0|Filter part 3 apply_boolean_mask|0.810193|num rows|12||
2020-03-12T19:36:15Z|0|INFO|17844|0|0|evaluate_split_query process_filter|1.844493|num rows|12||
2020-03-12T19:36:15Z|0|INFO|17844|1|1|evaluate_split_query process_project|0.281468|num rows|12||
2020-03-12T19:36:15Z|0|INFO|17844|2|2|evaluate_split_query process_aggregate|0.760889|num rows|12||
2020-03-12T19:36:15Z|0|INFO|17844|3|3|evaluate_split_query process_project|0.087867|num rows|12||
2020-03-12T19:36:15Z|0|INFO|17844|4|4|data_loader::load_data part 1 parse|30.033369||||
2020-03-12T19:36:15Z|0|INFO|17844|4|4|data_loader::load_data part 2 concat|0.002951||||
2020-03-12T19:36:15Z|0|INFO|17844|4|4|evaluate_split_query load_data|30.121304|num rows|157||
2020-03-12T19:36:15Z|0|INFO|17844|4|4|Filter part 1 initialize stencil|0.068990|num rows|157||
2020-03-12T19:36:15Z|0|INFO|17844|4|4|Filter part 2 evaluate expression|3.180788|num rows|157||
2020-03-12T19:36:15Z|0|INFO|17844|4|4|Filter part 3 apply_boolean_mask|0.690787|num rows|13||
2020-03-12T19:36:15Z|0|INFO|17844|4|4|evaluate_split_query process_filter|4.064270|num rows|13||
2020-03-12T19:36:15Z|0|INFO|17844|5|5|evaluate_split_query process_aggregate|2.208851|num rows|13||
2020-03-12T19:36:15Z|0|INFO|17844|6|6|evaluate_split_query process_project|3.672007|num rows|13||
2020-03-12T19:36:15Z|0|INFO|17844|7|7|LocalJoinOperator part 1 evaluate_join|2.929743||||
2020-03-12T19:36:15Z|0|INFO|17844|7|7|LocalJoinOperator part 2 materialize_column|0.803339||||
2020-03-12T19:36:15Z|0|INFO|17844|7|7|evaluate_split_query process_join|3.821388|num rows result|12|left_side_num_rows:12:right_side_num_rows:13|0
2020-03-12T19:36:15Z|0|INFO|17844|8|8|evaluate_split_query process_project|0.156163|num rows|12||
2020-03-12T19:36:15Z|0|INFO|17844|9|9|evaluate_split_query process_aggregate|1.279855|num rows|5||
2020-03-12T19:36:15Z|0|INFO|17844|10|10|evaluate_split_query process_project|0.576425|num rows|5||
2020-03-12T19:36:15Z|0|INFO|17844|11|11|Query Execution Done|72.643207||||
